2017-02-09T06:00:23.47+0000 [APP/0]      OUT 2017-02-09 06:00:23.467  INFO 26 --- [           main] pertySourceApplicationContextInitializer : Adding 'cloud' PropertySource to ApplicationContext
2017-02-09T06:00:23.56+0000 [APP/0]      OUT 2017-02-09 06:00:23.560  WARN 26 --- [           main] o.c.r.o.s.cloud.AbstractCloudConnector   : No suitable service info creator found for service config-server Did you forget to add a ServiceInfoCreator?
2017-02-09T06:00:23.58+0000 [APP/0]      OUT 2017-02-09 06:00:23.582  INFO 26 --- [           main] nfigurationApplicationContextInitializer : Adding cloud service auto-reconfiguration to ApplicationContext
2017-02-09T06:00:23.70+0000 [APP/0]      OUT 2017-02-09 06:00:23.701  INFO 26 --- [           main] s.c.a.AnnotationConfigApplicationContext : Refreshing org.springframework.context.annotation.AnnotationConfigApplicationContext@61e717c2: startup date [Thu Feb 09 06:00:23 UTC 2017]; root of context hierarchy
2017-02-09T06:00:24.14+0000 [APP/0]      OUT 2017-02-09 06:00:24.142  INFO 26 --- [           main] urceCloudServiceBeanFactoryPostProcessor : Auto-reconfiguring beans of type javax.sql.DataSource
2017-02-09T06:00:24.14+0000 [APP/0]      OUT 2017-02-09 06:00:24.145  INFO 26 --- [           main] urceCloudServiceBeanFactoryPostProcessor : No beans of type javax.sql.DataSource found. Skipping auto-reconfiguration.
2017-02-09T06:00:24.14+0000 [APP/0]      OUT 2017-02-09 06:00:24.146  INFO 26 --- [           main] bbitCloudServiceBeanFactoryPostProcessor : Auto-reconfiguring beans of type org.springframework.amqp.rabbit.connection.ConnectionFactory
2017-02-09T06:00:24.14+0000 [APP/0]      OUT 2017-02-09 06:00:24.147  INFO 26 --- [           main] bbitCloudServiceBeanFactoryPostProcessor : No beans of type org.springframework.amqp.rabbit.connection.ConnectionFactory found. Skipping auto-reconfiguration.
2017-02-09T06:00:24.20+0000 [APP/0]      OUT 2017-02-09 06:00:24.202  INFO 26 --- [           main] trationDelegate$BeanPostProcessorChecker : Bean 'configurationPropertiesRebinderAutoConfiguration' of type [class org.springframework.cloud.autoconfigure.ConfigurationPropertiesRebinderAutoConfiguration$$EnhancerBySpringCGLIB$$60c172a0] is not eligible for getting processed by all BeanPostProcessors (for example: not eligible for auto-proxying)
2017-02-09T06:00:25.40+0000 [APP/0]      OUT 2017-02-09 06:00:25.405  INFO 26 --- [           main] ationConfigEmbeddedWebApplicationContext : Refreshing org.springframework.boot.context.embedded.AnnotationConfigEmbeddedWebApplicationContext@51efea79: startup date [Thu Feb 09 06:00:25 UTC 2017]; parent: org.springframework.context.annotation.AnnotationConfigApplicationContext@61e717c2
2017-02-09T06:00:26.44+0000 [APP/0]      OUT 2017-02-09 06:00:26.440  WARN 26 --- [           main] o.s.cloud.config.CloudScanHelper         : Unable to create service for config-server during service scanning. Skipping.
2017-02-09T06:00:26.47+0000 [APP/0]      OUT 2017-02-09 06:00:26.475  INFO 26 --- [           main] o.s.b.f.s.DefaultListableBeanFactory     : Overriding bean definition for bean 'ignoredPathsWebSecurityConfigurerAdapter' with a different definition: replacing [Root bean: class [null]; scope=; abstract=false; lazyInit=false; autowireMode=3; dependencyCheck=0; autowireCandidate=true; primary=false; factoryBeanName=org.springframework.boot.autoconfigure.security.SpringBootWebSecurityConfiguration; factoryMethodName=ignoredPathsWebSecurityConfigurerAdapter; initMethodName=null; destroyMethodName=(inferred); defined in class path resource [org/springframework/boot/autoconfigure/security/SpringBootWebSecurityConfiguration.class]] with [Root bean: class [null]; scope=; abstract=false; lazyInit=false; autowireMode=3; dependencyCheck=0; autowireCandidate=true; primary=false; factoryBeanName=org.springframework.boot.actuate.autoconfigure.ManagementWebSecurityAutoConfiguration; factoryMethodName=ignoredPathsWebSecurityConfigurerAdapter; initMethodName=null; destroyMethodName=(inferred); defined in class path resource [org/springframework/boot/actuate/autoconfigure/ManagementWebSecurityAutoConfiguration.class]]
2017-02-09T06:00:26.53+0000 [APP/0]      OUT 2017-02-09 06:00:26.534  INFO 26 --- [           main] o.s.b.f.config.PropertiesFactoryBean     : Loading properties file from URL [jar:file:/home/vcap/app/BOOT-INF/lib/spring-integration-core-4.3.2.RELEASE.jar!/META-INF/spring.integration.default.properties]
2017-02-09T06:00:26.53+0000 [APP/0]      OUT 2017-02-09 06:00:26.538  INFO 26 --- [           main] o.s.i.config.IntegrationRegistrar        : No bean named 'integrationHeaderChannelRegistry' has been explicitly defined. Therefore, a default DefaultHeaderChannelRegistry will be created.
2017-02-09T06:00:26.68+0000 [APP/0]      OUT 2017-02-09 06:00:26.680  WARN 26 --- [           main] o.s.c.a.ConfigurationClassPostProcessor  : Cannot enhance @Configuration bean definition 'refreshScope' since its singleton instance has been created too early. The typical cause is a non-static @Bean method with a BeanDefinitionRegistryPostProcessor return type: Consider declaring such methods as 'static'.
2017-02-09T06:00:26.83+0000 [APP/0]      OUT 2017-02-09 06:00:26.838  INFO 26 --- [           main] o.s.cloud.context.scope.GenericScope     : BeanFactory id=d9bc0fe5-ce13-319c-8f14-6f6790025875
2017-02-09T06:00:26.84+0000 [APP/0]      OUT 2017-02-09 06:00:26.841  INFO 26 --- [           main] urceCloudServiceBeanFactoryPostProcessor : Skipping auto-reconfiguring beans of type javax.sql.DataSource
2017-02-09T06:00:26.84+0000 [APP/0]      OUT 2017-02-09 06:00:26.841  INFO 26 --- [           main] ongoCloudServiceBeanFactoryPostProcessor : Skipping auto-reconfiguring beans of type org.springframework.data.mongodb.MongoDbFactory
2017-02-09T06:00:26.84+0000 [APP/0]      OUT 2017-02-09 06:00:26.841  INFO 26 --- [           main] bbitCloudServiceBeanFactoryPostProcessor : Skipping auto-reconfiguring beans of type org.springframework.amqp.rabbit.connection.ConnectionFactory
2017-02-09T06:00:26.84+0000 [APP/0]      OUT 2017-02-09 06:00:26.842  INFO 26 --- [           main] edisCloudServiceBeanFactoryPostProcessor : Skipping auto-reconfiguring beans of type org.springframework.data.redis.connection.RedisConnectionFactory
2017-02-09T06:00:26.84+0000 [APP/0]      OUT 2017-02-09 06:00:26.846  INFO 26 --- [           main] faultConfiguringBeanFactoryPostProcessor : No bean named 'errorChannel' has been explicitly defined. Therefore, a default PublishSubscribeChannel will be created.
2017-02-09T06:00:26.85+0000 [APP/0]      OUT 2017-02-09 06:00:26.854  INFO 26 --- [           main] faultConfiguringBeanFactoryPostProcessor : No bean named 'taskScheduler' has been explicitly defined. Therefore, a default ThreadPoolTaskScheduler will be created.
2017-02-09T06:00:26.87+0000 [APP/0]      OUT 2017-02-09 06:00:26.878  INFO 26 --- [           main] trationDelegate$BeanPostProcessorChecker : Bean 'org.springframework.amqp.rabbit.annotation.RabbitBootstrapConfiguration' of type [class org.springframework.amqp.rabbit.annotation.RabbitBootstrapConfiguration$$EnhancerBySpringCGLIB$$b132dd1] is not eligible for getting processed by all BeanPostProcessors (for example: not eligible for auto-proxying)
2017-02-09T06:00:27.00+0000 [APP/0]      OUT 2017-02-09 06:00:27.001  INFO 26 --- [           main] o.s.b.f.config.PropertiesFactoryBean     : Loading properties file from URL [jar:file:/home/vcap/app/BOOT-INF/lib/spring-integration-core-4.3.2.RELEASE.jar!/META-INF/spring.integration.default.properties]
2017-02-09T06:00:27.00+0000 [APP/0]      OUT 2017-02-09 06:00:27.002  INFO 26 --- [           main] trationDelegate$BeanPostProcessorChecker : Bean 'integrationGlobalProperties' of type [class org.springframework.beans.factory.config.PropertiesFactoryBean] is not eligible for getting processed by all BeanPostProcessors (for example: not eligible for auto-proxying)
2017-02-09T06:00:27.00+0000 [APP/0]      OUT 2017-02-09 06:00:27.003  INFO 26 --- [           main] trationDelegate$BeanPostProcessorChecker : Bean 'integrationGlobalProperties' of type [class java.util.Properties] is not eligible for getting processed by all BeanPostProcessors (for example: not eligible for auto-proxying)
2017-02-09T06:00:27.04+0000 [APP/0]      OUT 2017-02-09 06:00:27.041  INFO 26 --- [           main] trationDelegate$BeanPostProcessorChecker : Bean 'org.springframework.cloud.autoconfigure.ConfigurationPropertiesRebinderAutoConfiguration' of type [class org.springframework.cloud.autoconfigure.ConfigurationPropertiesRebinderAutoConfiguration$$EnhancerBySpringCGLIB$$60c172a0] is not eligible for getting processed by all BeanPostProcessors (for example: not eligible for auto-proxying)
2017-02-09T06:00:27.43+0000 [APP/0]      OUT 2017-02-09 06:00:27.430  INFO 26 --- [           main] s.b.c.e.t.TomcatEmbeddedServletContainer : Tomcat initialized with port(s): 8080 (http)
2017-02-09T06:00:27.44+0000 [APP/0]      OUT 2017-02-09 06:00:27.445  INFO 26 --- [           main] o.apache.catalina.core.StandardService   : Starting service Tomcat
2017-02-09T06:00:27.44+0000 [APP/0]      OUT 2017-02-09 06:00:27.447  INFO 26 --- [           main] org.apache.catalina.core.StandardEngine  : Starting Servlet Engine: Apache Tomcat/8.5.5
2017-02-09T06:00:27.52+0000 [APP/0]      OUT 2017-02-09 06:00:27.528  INFO 26 --- [ost-startStop-1] o.a.c.c.C.[Tomcat].[localhost].[/]       : Initializing Spring embedded WebApplicationContext
2017-02-09T06:00:27.52+0000 [APP/0]      OUT 2017-02-09 06:00:27.529  INFO 26 --- [ost-startStop-1] o.s.web.context.ContextLoader            : Root WebApplicationContext: initialization completed in 2124 ms
2017-02-09T06:00:27.86+0000 [APP/0]      OUT 2017-02-09 06:00:27.863  INFO 26 --- [ost-startStop-1] o.s.b.w.servlet.FilterRegistrationBean   : Mapping filter: 'metricsFilter' to: [/*]
2017-02-09T06:00:27.86+0000 [APP/0]      OUT 2017-02-09 06:00:27.864  INFO 26 --- [ost-startStop-1] o.s.b.w.servlet.FilterRegistrationBean   : Mapping filter: 'characterEncodingFilter' to: [/*]
2017-02-09T06:00:27.86+0000 [APP/0]      OUT 2017-02-09 06:00:27.864  INFO 26 --- [ost-startStop-1] o.s.b.w.servlet.FilterRegistrationBean   : Mapping filter: 'hiddenHttpMethodFilter' to: [/*]
2017-02-09T06:00:27.86+0000 [APP/0]      OUT 2017-02-09 06:00:27.864  INFO 26 --- [ost-startStop-1] o.s.b.w.servlet.FilterRegistrationBean   : Mapping filter: 'httpPutFormContentFilter' to: [/*]
2017-02-09T06:00:27.86+0000 [APP/0]      OUT 2017-02-09 06:00:27.865  INFO 26 --- [ost-startStop-1] o.s.b.w.servlet.FilterRegistrationBean   : Mapping filter: 'requestContextFilter' to: [/*]
2017-02-09T06:00:27.88+0000 [APP/0]      OUT 2017-02-09 06:00:27.884  INFO 26 --- [ost-startStop-1] .s.DelegatingFilterProxyRegistrationBean : Mapping filter: 'springSecurityFilterChain' to: [/*]
2017-02-09T06:00:27.88+0000 [APP/0]      OUT 2017-02-09 06:00:27.884  INFO 26 --- [ost-startStop-1] o.s.b.w.servlet.FilterRegistrationBean   : Mapping filter: 'webRequestLoggingFilter' to: [/*]
2017-02-09T06:00:27.88+0000 [APP/0]      OUT 2017-02-09 06:00:27.884  INFO 26 --- [ost-startStop-1] o.s.b.w.servlet.FilterRegistrationBean   : Mapping filter: 'applicationContextIdFilter' to: [/*]
2017-02-09T06:00:27.88+0000 [APP/0]      OUT 2017-02-09 06:00:27.884  INFO 26 --- [ost-startStop-1] o.s.b.w.servlet.ServletRegistrationBean  : Mapping servlet: 'dispatcherServlet' to [/]
2017-02-09T06:00:28.50+0000 [APP/0]      OUT 2017-02-09 06:00:28.508  INFO 26 --- [           main] s.w.s.m.m.a.RequestMappingHandlerAdapter : Looking for @ControllerAdvice: org.springframework.boot.context.embedded.AnnotationConfigEmbeddedWebApplicationContext@51efea79: startup date [Thu Feb 09 06:00:25 UTC 2017]; parent: org.springframework.context.annotation.AnnotationConfigApplicationContext@61e717c2
2017-02-09T06:00:28.62+0000 [APP/0]      OUT 2017-02-09 06:00:28.624  INFO 26 --- [           main] s.w.s.m.m.a.RequestMappingHandlerMapping : Mapped "{[/restaurant]}" onto public java.lang.String cook.Application.restaurant()
2017-02-09T06:00:28.62+0000 [APP/0]      OUT 2017-02-09 06:00:28.625  INFO 26 --- [           main] s.w.s.m.m.a.RequestMappingHandlerMapping : Mapped "{[/restaurant/secret-menu]}" onto public java.lang.String cook.Application.secretMenu()
2017-02-09T06:00:28.62+0000 [APP/0]      OUT 2017-02-09 06:00:28.629  INFO 26 --- [           main] s.w.s.m.m.a.RequestMappingHandlerMapping : Mapped "{[/error],produces=[text/html]}" onto public org.springframework.web.servlet.ModelAndView org.springframework.boot.autoconfigure.web.BasicErrorController.errorHtml(javax.servlet.http.HttpServletRequest,javax.servlet.http.HttpServletResponse)
2017-02-09T06:00:28.63+0000 [APP/0]      OUT 2017-02-09 06:00:28.629  INFO 26 --- [           main] s.w.s.m.m.a.RequestMappingHandlerMapping : Mapped "{[/error]}" onto public org.springframework.http.ResponseEntity<java.util.Map<java.lang.String, java.lang.Object>> org.springframework.boot.autoconfigure.web.BasicErrorController.error(javax.servlet.http.HttpServletRequest)
2017-02-09T06:00:28.69+0000 [APP/0]      OUT 2017-02-09 06:00:28.691  INFO 26 --- [           main] o.s.w.s.handler.SimpleUrlHandlerMapping  : Mapped URL path [/webjars/**] onto handler of type [class org.springframework.web.servlet.resource.ResourceHttpRequestHandler]
2017-02-09T06:00:28.69+0000 [APP/0]      OUT 2017-02-09 06:00:28.691  INFO 26 --- [           main] o.s.w.s.handler.SimpleUrlHandlerMapping  : Mapped URL path [/**] onto handler of type [class org.springframework.web.servlet.resource.ResourceHttpRequestHandler]
2017-02-09T06:00:28.75+0000 [APP/0]      OUT 2017-02-09 06:00:28.751  INFO 26 --- [           main] o.s.w.s.handler.SimpleUrlHandlerMapping  : Mapped URL path [/**/favicon.ico] onto handler of type [class org.springframework.web.servlet.resource.ResourceHttpRequestHandler]
2017-02-09T06:00:29.01+0000 [APP/0]      OUT 2017-02-09 06:00:29.014  INFO 26 --- [           main] b.a.s.AuthenticationManagerConfiguration :
2017-02-09T06:00:29.01+0000 [APP/0]      OUT Using default security password: 84e6eaf6-d2bb-4885-8561-2623691439ec
2017-02-09T06:00:29.07+0000 [APP/0]      OUT 2017-02-09 06:00:29.077  INFO 26 --- [           main] o.s.s.web.DefaultSecurityFilterChain     : Creating filter chain: OrRequestMatcher [requestMatchers=[Ant [pattern='/css/**'], Ant [pattern='/js/**'], Ant [pattern='/images/**'], Ant [pattern='/webjars/**'], Ant [pattern='/**/favicon.ico'], Ant [pattern='/error'], org.springframework.boot.actuate.autoconfigure.ManagementWebSecurityAutoConfiguration$LazyEndpointPathRequestMatcher@1b266842]], []
2017-02-09T06:00:29.17+0000 [APP/0]      OUT 2017-02-09 06:00:29.178  INFO 26 --- [           main] o.s.s.web.DefaultSecurityFilterChain     : Creating filter chain: org.springframework.boot.autoconfigure.security.SpringBootWebSecurityConfiguration$ApplicationNoWebSecurityConfigurerAdapter$1@420a85c4, [org.springframework.security.web.context.request.async.WebAsyncManagerIntegrationFilter@1c39680d, org.springframework.security.web.context.SecurityContextPersistenceFilter@11d8ae8b, org.springframework.security.web.header.HeaderWriterFilter@e3c0e40, org.springframework.security.web.csrf.CsrfFilter@52815fa3, org.springframework.security.web.authentication.logout.LogoutFilter@2fba3fc4, org.springframework.security.web.savedrequest.RequestCacheAwareFilter@59e2d8e3, org.springframework.security.web.servletapi.SecurityContextHolderAwareRequestFilter@7f8a9499, org.springframework.security.web.authentication.AnonymousAuthenticationFilter@62833051, org.springframework.security.web.session.SessionManagementFilter@7354b8c5, org.springframework.security.web.access.ExceptionTranslationFilter@14a50707]
2017-02-09T06:00:29.77+0000 [APP/0]      OUT 2017-02-09 06:00:29.771  INFO 26 --- [           main] o.s.s.c.ThreadPoolTaskScheduler          : Initializing ExecutorService  'taskScheduler'
2017-02-09T06:00:30.31+0000 [APP/0]      OUT 2017-02-09 06:00:30.312  INFO 26 --- [           main] o.s.b.a.e.mvc.EndpointHandlerMapping     : Mapped "{[/restart || /restart.json],methods=[POST]}" onto public java.lang.Object org.springframework.cloud.context.restart.RestartMvcEndpoint.invoke()
2017-02-09T06:00:30.31+0000 [APP/0]      OUT 2017-02-09 06:00:30.316  INFO 26 --- [           main] o.s.b.a.e.mvc.EndpointHandlerMapping     : Mapped "{[/trace || /trace.json],methods=[GET],produces=[application/json]}" onto public java.lang.Object org.springframework.boot.actuate.endpoint.mvc.EndpointMvcAdapter.invoke()
2017-02-09T06:00:30.31+0000 [APP/0]      OUT 2017-02-09 06:00:30.316  INFO 26 --- [           main] o.s.b.a.e.mvc.EndpointHandlerMapping     : Mapped "{[/env],methods=[POST]}" onto public java.lang.Object org.springframework.cloud.context.environment.EnvironmentManagerMvcEndpoint.value(java.util.Map<java.lang.String, java.lang.String>)
2017-02-09T06:00:30.31+0000 [APP/0]      OUT 2017-02-09 06:00:30.317  INFO 26 --- [           main] o.s.b.a.e.mvc.EndpointHandlerMapping     : Mapped "{[/env/reset],methods=[POST]}" onto public java.util.Map<java.lang.String, java.lang.Object> org.springframework.cloud.context.environment.EnvironmentManagerMvcEndpoint.reset()
2017-02-09T06:00:30.31+0000 [APP/0]      OUT 2017-02-09 06:00:30.317  INFO 26 --- [           main] o.s.b.a.e.mvc.EndpointHandlerMapping     : Mapped "{[/health || /health.json],produces=[application/json]}" onto public java.lang.Object org.springframework.boot.actuate.endpoint.mvc.HealthMvcEndpoint.invoke(java.security.Principal)
2017-02-09T06:00:30.31+0000 [APP/0]      OUT 2017-02-09 06:00:30.319  INFO 26 --- [           main] o.s.b.a.e.mvc.EndpointHandlerMapping     : Mapped "{[/autoconfig || /autoconfig.json],methods=[GET],produces=[application/json]}" onto public java.lang.Object org.springframework.boot.actuate.endpoint.mvc.EndpointMvcAdapter.invoke()
2017-02-09T06:00:30.32+0000 [APP/0]      OUT 2017-02-09 06:00:30.320  INFO 26 --- [           main] o.s.b.a.e.mvc.EndpointHandlerMapping     : Mapped "{[/configprops || /configprops.json],methods=[GET],produces=[application/json]}" onto public java.lang.Object org.springframework.boot.actuate.endpoint.mvc.EndpointMvcAdapter.invoke()
2017-02-09T06:00:30.32+0000 [APP/0]      OUT 2017-02-09 06:00:30.321  INFO 26 --- [           main] o.s.b.a.e.mvc.EndpointHandlerMapping     : Mapped "{[/heapdump || /heapdump.json],methods=[GET],produces=[application/octet-stream]}" onto public void org.springframework.boot.actuate.endpoint.mvc.HeapdumpMvcEndpoint.invoke(boolean,javax.servlet.http.HttpServletRequest,javax.servlet.http.HttpServletResponse) throws java.io.IOException,javax.servlet.ServletException
2017-02-09T06:00:30.32+0000 [APP/0]      OUT 2017-02-09 06:00:30.323  INFO 26 --- [           main] o.s.b.a.e.mvc.EndpointHandlerMapping     : Mapped "{[/env/{name:.*}],methods=[GET],produces=[application/json]}" onto public java.lang.Object org.springframework.boot.actuate.endpoint.mvc.EnvironmentMvcEndpoint.value(java.lang.String)
2017-02-09T06:00:30.32+0000 [APP/0]      OUT 2017-02-09 06:00:30.323  INFO 26 --- [           main] o.s.b.a.e.mvc.EndpointHandlerMapping     : Mapped "{[/env || /env.json],methods=[GET],produces=[application/json]}" onto public java.lang.Object org.springframework.boot.actuate.endpoint.mvc.EndpointMvcAdapter.invoke()
2017-02-09T06:00:30.32+0000 [APP/0]      OUT 2017-02-09 06:00:30.324  INFO 26 --- [           main] o.s.b.a.e.mvc.EndpointHandlerMapping     : Mapped "{[/mappings || /mappings.json],methods=[GET],produces=[application/json]}" onto public java.lang.Object org.springframework.boot.actuate.endpoint.mvc.EndpointMvcAdapter.invoke()
2017-02-09T06:00:30.32+0000 [APP/0]      OUT 2017-02-09 06:00:30.325  INFO 26 --- [           main] o.s.b.a.e.mvc.EndpointHandlerMapping     : Mapped "{[/info || /info.json],methods=[GET],produces=[application/json]}" onto public java.lang.Object org.springframework.boot.actuate.endpoint.mvc.EndpointMvcAdapter.invoke()
2017-02-09T06:00:30.32+0000 [APP/0]      OUT 2017-02-09 06:00:30.326  INFO 26 --- [           main] o.s.b.a.e.mvc.EndpointHandlerMapping     : Mapped "{[/resume || /resume.json],methods=[POST]}" onto public java.lang.Object org.springframework.cloud.endpoint.GenericPostableMvcEndpoint.invoke()
2017-02-09T06:00:30.32+0000 [APP/0]      OUT 2017-02-09 06:00:30.328  INFO 26 --- [           main] o.s.b.a.e.mvc.EndpointHandlerMapping     : Mapped "{[/pause || /pause.json],methods=[POST]}" onto public java.lang.Object org.springframework.cloud.endpoint.GenericPostableMvcEndpoint.invoke()
2017-02-09T06:00:30.33+0000 [APP/0]      OUT 2017-02-09 06:00:30.334  INFO 26 --- [           main] o.s.b.a.e.mvc.EndpointHandlerMapping     : Mapped "{[/metrics/{name:.*}],methods=[GET],produces=[application/json]}" onto public java.lang.Object org.springframework.boot.actuate.endpoint.mvc.MetricsMvcEndpoint.value(java.lang.String)
2017-02-09T06:00:30.33+0000 [APP/0]      OUT 2017-02-09 06:00:30.335  INFO 26 --- [           main] o.s.b.a.e.mvc.EndpointHandlerMapping     : Mapped "{[/metrics || /metrics.json],methods=[GET],produces=[application/json]}" onto public java.lang.Object org.springframework.boot.actuate.endpoint.mvc.EndpointMvcAdapter.invoke()
2017-02-09T06:00:30.33+0000 [APP/0]      OUT 2017-02-09 06:00:30.335  INFO 26 --- [           main] o.s.b.a.e.mvc.EndpointHandlerMapping     : Mapped "{[/refresh || /refresh.json],methods=[POST]}" onto public java.lang.Object org.springframework.cloud.endpoint.GenericPostableMvcEndpoint.invoke()
2017-02-09T06:00:30.33+0000 [APP/0]      OUT 2017-02-09 06:00:30.336  INFO 26 --- [           main] o.s.b.a.e.mvc.EndpointHandlerMapping     : Mapped "{[/dump || /dump.json],methods=[GET],produces=[application/json]}" onto public java.lang.Object org.springframework.boot.actuate.endpoint.mvc.EndpointMvcAdapter.invoke()
2017-02-09T06:00:30.33+0000 [APP/0]      OUT 2017-02-09 06:00:30.337  INFO 26 --- [           main] o.s.b.a.e.mvc.EndpointHandlerMapping     : Mapped "{[/beans || /beans.json],methods=[GET],produces=[application/json]}" onto public java.lang.Object org.springframework.boot.actuate.endpoint.mvc.EndpointMvcAdapter.invoke()
2017-02-09T06:00:30.55+0000 [APP/0]      OUT 2017-02-09 06:00:30.557  INFO 26 --- [           main] o.s.i.codec.kryo.CompositeKryoRegistrar  : configured Kryo registration [40, java.io.File] with serializer org.springframework.integration.codec.kryo.FileSerializer
2017-02-09T06:00:30.82+0000 [APP/0]      OUT 2017-02-09 06:00:30.821  INFO 26 --- [           main] o.s.j.e.a.AnnotationMBeanExporter        : Registering beans for JMX exposure on startup
2017-02-09T06:00:30.83+0000 [APP/0]      OUT 2017-02-09 06:00:30.836  INFO 26 --- [           main] o.s.j.e.a.AnnotationMBeanExporter        : Bean with name 'rabbitConnectionFactory' has been autodetected for JMX exposure
2017-02-09T06:00:30.83+0000 [APP/0]      OUT 2017-02-09 06:00:30.837  INFO 26 --- [           main] o.s.j.e.a.AnnotationMBeanExporter        : Bean with name 'integrationMbeanExporter' has been autodetected for JMX exposure
2017-02-09T06:00:30.83+0000 [APP/0]      OUT 2017-02-09 06:00:30.839  INFO 26 --- [           main] o.s.j.e.a.AnnotationMBeanExporter        : Bean with name 'configurationPropertiesRebinder' has been autodetected for JMX exposure
2017-02-09T06:00:30.84+0000 [APP/0]      OUT 2017-02-09 06:00:30.840  INFO 26 --- [           main] o.s.j.e.a.AnnotationMBeanExporter        : Bean with name 'refreshEndpoint' has been autodetected for JMX exposure
2017-02-09T06:00:30.84+0000 [APP/0]      OUT 2017-02-09 06:00:30.841  INFO 26 --- [           main] o.s.j.e.a.AnnotationMBeanExporter        : Bean with name 'restartEndpoint' has been autodetected for JMX exposure
2017-02-09T06:00:30.84+0000 [APP/0]      OUT 2017-02-09 06:00:30.842  INFO 26 --- [           main] o.s.j.e.a.AnnotationMBeanExporter        : Bean with name 'refreshScope' has been autodetected for JMX exposure
2017-02-09T06:00:30.84+0000 [APP/0]      OUT 2017-02-09 06:00:30.843  INFO 26 --- [           main] o.s.j.e.a.AnnotationMBeanExporter        : Bean with name 'environmentManager' has been autodetected for JMX exposure
2017-02-09T06:00:30.84+0000 [APP/0]      OUT 2017-02-09 06:00:30.847  INFO 26 --- [           main] o.s.j.e.a.AnnotationMBeanExporter        : Located managed bean 'environmentManager': registering with JMX server as MBean [org.springframework.cloud.context.environment:name=environmentManager,type=EnvironmentManager]
2017-02-09T06:00:30.86+0000 [APP/0]      OUT 2017-02-09 06:00:30.868  INFO 26 --- [           main] o.s.j.e.a.AnnotationMBeanExporter        : Located managed bean 'restartEndpoint': registering with JMX server as MBean [org.springframework.cloud.context.restart:name=restartEndpoint,type=RestartEndpoint]
2017-02-09T06:00:30.88+0000 [APP/0]      OUT 2017-02-09 06:00:30.886  INFO 26 --- [           main] o.s.j.e.a.AnnotationMBeanExporter        : Located managed bean 'refreshScope': registering with JMX server as MBean [org.springframework.cloud.context.scope.refresh:name=refreshScope,type=RefreshScope]
2017-02-09T06:00:30.90+0000 [APP/0]      OUT 2017-02-09 06:00:30.908  INFO 26 --- [           main] o.s.j.e.a.AnnotationMBeanExporter        : Located managed bean 'integrationMbeanExporter': registering with JMX server as MBean [org.springframework.integration.monitor:name=integrationMbeanExporter,type=IntegrationMBeanExporter]
2017-02-09T06:00:30.94+0000 [APP/0]      OUT 2017-02-09 06:00:30.947  INFO 26 --- [           main] o.s.j.e.a.AnnotationMBeanExporter        : Located managed bean 'configurationPropertiesRebinder': registering with JMX server as MBean [org.springframework.cloud.context.properties:name=configurationPropertiesRebinder,context=51efea79,type=ConfigurationPropertiesRebinder]
2017-02-09T06:00:30.95+0000 [APP/0]      OUT 2017-02-09 06:00:30.952  INFO 26 --- [           main] o.s.j.e.a.AnnotationMBeanExporter        : Located managed bean 'rabbitConnectionFactory': registering with JMX server as MBean [org.springframework.amqp.rabbit.connection:name=rabbitConnectionFactory,type=CachingConnectionFactory]
2017-02-09T06:00:30.96+0000 [APP/0]      OUT 2017-02-09 06:00:30.962  INFO 26 --- [           main] o.s.j.e.a.AnnotationMBeanExporter        : Located managed bean 'refreshEndpoint': registering with JMX server as MBean [org.springframework.cloud.endpoint:name=refreshEndpoint,type=RefreshEndpoint]
2017-02-09T06:00:30.96+0000 [APP/0]      OUT 2017-02-09 06:00:30.967  INFO 26 --- [           main] o.s.i.monitor.IntegrationMBeanExporter   : Registering beans for JMX exposure on startup
2017-02-09T06:00:30.96+0000 [APP/0]      OUT 2017-02-09 06:00:30.968  INFO 26 --- [           main] o.s.i.monitor.IntegrationMBeanExporter   : Registering MessageChannel nullChannel
2017-02-09T06:00:30.97+0000 [APP/0]      OUT 2017-02-09 06:00:30.973  INFO 26 --- [           main] o.s.i.monitor.IntegrationMBeanExporter   : Located managed bean 'org.springframework.integration:type=MessageChannel,name=nullChannel': registering with JMX server as MBean [org.springframework.integration:type=MessageChannel,name=nullChannel]
2017-02-09T06:00:30.99+0000 [APP/0]      OUT 2017-02-09 06:00:30.993  INFO 26 --- [           main] o.s.i.monitor.IntegrationMBeanExporter   : Registering MessageChannel errorChannel
2017-02-09T06:00:30.99+0000 [APP/0]      OUT 2017-02-09 06:00:30.995  INFO 26 --- [           main] o.s.i.monitor.IntegrationMBeanExporter   : Located managed bean 'org.springframework.integration:type=MessageChannel,name=errorChannel': registering with JMX server as MBean [org.springframework.integration:type=MessageChannel,name=errorChannel]
2017-02-09T06:00:31.08+0000 [APP/0]      OUT 2017-02-09 06:00:31.087  INFO 26 --- [           main] o.s.i.monitor.IntegrationMBeanExporter   : Located managed bean 'org.springframework.integration:type=MessageHandler,name=errorLogger,bean=internal': registering with JMX server as MBean [org.springframework.integration:type=MessageHandler,name=errorLogger,bean=internal]
2017-02-09T06:00:31.47+0000 [APP/0]      OUT 2017-02-09 06:00:31.476  INFO 26 --- [           main] o.s.c.support.DefaultLifecycleProcessor  : Starting beans in phase -2147482648
2017-02-09T06:00:31.47+0000 [APP/0]      OUT 2017-02-09 06:00:31.476  INFO 26 --- [           main] o.s.c.support.DefaultLifecycleProcessor  : Starting beans in phase 0
2017-02-09T06:00:31.51+0000 [APP/0]      OUT 2017-02-09 06:00:31.512  INFO 26 --- [           main] o.s.i.endpoint.EventDrivenConsumer       : Adding {logging-channel-adapter:_org.springframework.integration.errorLogger} as a subscriber to the 'errorChannel' channel
2017-02-09T06:00:31.51+0000 [APP/0]      OUT 2017-02-09 06:00:31.512  INFO 26 --- [           main] o.s.i.channel.PublishSubscribeChannel    : Channel 'foo:db,cloud:0.errorChannel' has 1 subscriber(s).
2017-02-09T06:00:31.51+0000 [APP/0]      OUT 2017-02-09 06:00:31.512  INFO 26 --- [           main] o.s.i.endpoint.EventDrivenConsumer       : started _org.springframework.integration.errorLogger
2017-02-09T06:00:31.51+0000 [APP/0]      OUT 2017-02-09 06:00:31.512  INFO 26 --- [           main] o.s.c.support.DefaultLifecycleProcessor  : Starting beans in phase 2147483647
2017-02-09T06:00:31.59+0000 [CELL/0]     OUT Container became healthy
2017-02-09T06:00:31.60+0000 [APP/0]      OUT 2017-02-09 06:00:31.608  INFO 26 --- [           main] s.b.c.e.t.TomcatEmbeddedServletContainer : Tomcat started on port(s): 8080 (http)
2017-02-09T06:00:31.61+0000 [APP/0]      OUT 2017-02-09 06:00:31.614  INFO 26 --- [           main] cook.Application                         : Started Application in 9.606 seconds (JVM running for 10.211)

